2018-01-04 16:18:13 -5p TC001_VerifyLoginWithInvalidCradential:34 - ===================Starting the VerifyLoginWithInvalidCradential=================
2018-01-04 16:18:14 -5p LoginPage:49 - Enter email address xyz@abc.im and object is [[FirefoxDriver: firefox on ANY (050bc7ea-1b87-4c06-9823-c12b25b58856)] -> id: email]
2018-01-04 16:18:14 -5p LoginPage:51 - Enter password password and object is [[FirefoxDriver: firefox on ANY (050bc7ea-1b87-4c06-9823-c12b25b58856)] -> id: password]
2018-01-04 16:18:14 -5p LoginPage:52 - Click on Submit button and object is [[FirefoxDriver: firefox on ANY (050bc7ea-1b87-4c06-9823-c12b25b58856)] -> id: signinFormButton]
2018-01-04 16:18:15 -5p LoginPage:58 - Error message is 
2018-01-04 16:25:34 -5p TC001_VerifyLoginWithInvalidCradential:34 - ===================Starting the VerifyLoginWithInvalidCradential=================
2018-01-04 16:25:34 -5p LoginPage:49 - Enter email address xyz@abc.im and object is [[FirefoxDriver: firefox on ANY (86eab6ea-7c43-42c4-8013-e7085e4da9f6)] -> id: email]
2018-01-04 16:25:35 -5p LoginPage:51 - Enter password password and object is [[FirefoxDriver: firefox on ANY (86eab6ea-7c43-42c4-8013-e7085e4da9f6)] -> id: password]
2018-01-04 16:25:35 -5p LoginPage:52 - Click on Submit button and object is [[FirefoxDriver: firefox on ANY (86eab6ea-7c43-42c4-8013-e7085e4da9f6)] -> id: signinFormButton]
2018-01-04 16:25:35 -5p LoginPage:58 - Error message is 
2018-01-04 16:28:28 -5p TC001_VerifyLoginWithInvalidCradential:34 - ===================Starting the VerifyLoginWithInvalidCradential=================
2018-01-04 16:28:28 -5p LoginPage:49 - Enter email address xyz@abc.im and object is [[FirefoxDriver: firefox on ANY (5a8ffa4f-f2d4-46da-80a2-9973aa88df24)] -> id: email]
2018-01-04 16:28:29 -5p LoginPage:51 - Enter password password and object is [[FirefoxDriver: firefox on ANY (5a8ffa4f-f2d4-46da-80a2-9973aa88df24)] -> id: password]
2018-01-04 16:28:29 -5p LoginPage:52 - Click on Submit button and object is [[FirefoxDriver: firefox on ANY (5a8ffa4f-f2d4-46da-80a2-9973aa88df24)] -> id: signinFormButton]
2018-01-04 16:30:59 -5p TC001_VerifyLoginWithInvalidCradential:34 - ===================Starting the VerifyLoginWithInvalidCradential=================
2018-01-04 16:30:59 -5p LoginPage:49 - Enter email address xyz@abc.im and object is [[FirefoxDriver: firefox on ANY (b95215c6-71ae-4aad-b53f-273eddf6abae)] -> id: email]
2018-01-04 16:30:59 -5p LoginPage:51 - Enter password password and object is [[FirefoxDriver: firefox on ANY (b95215c6-71ae-4aad-b53f-273eddf6abae)] -> id: password]
2018-01-04 16:30:59 -5p LoginPage:52 - Click on Submit button and object is [[FirefoxDriver: firefox on ANY (b95215c6-71ae-4aad-b53f-273eddf6abae)] -> id: signinFormButton]
2018-01-04 16:32:02 -5p TC001_VerifyLoginWithInvalidCradential:34 - ===================Starting the VerifyLoginWithInvalidCradential=================
2018-01-04 16:32:03 -5p LoginPage:49 - Enter email address xyz@abc.im and object is [[FirefoxDriver: firefox on ANY (abb2bd4a-99bd-4d81-a1a8-51c258d7ed65)] -> id: email]
2018-01-04 16:32:03 -5p LoginPage:51 - Enter password password and object is [[FirefoxDriver: firefox on ANY (abb2bd4a-99bd-4d81-a1a8-51c258d7ed65)] -> id: password]
2018-01-04 16:32:03 -5p LoginPage:52 - Click on Submit button and object is [[FirefoxDriver: firefox on ANY (abb2bd4a-99bd-4d81-a1a8-51c258d7ed65)] -> id: signinFormButton]
2018-01-04 16:32:03 -5p TC001_VerifyLoginWithInvalidCradential:38 - ===================Ending the VerifyLoginWithInvalidCradential=================
2018-01-04 17:02:23 -5p TC001_VerifyLoginWithInvalidCradential:34 - ===================Starting the VerifyLoginWithInvalidCradential=================
2018-01-04 17:02:23 -5p LoginPage:49 - Enter email address xyz@abc.im and object is [[FirefoxDriver: firefox on ANY (b2401eae-2154-4f3e-bcfe-5c5ad1d8fd02)] -> id: email]
2018-01-04 17:02:23 -5p LoginPage:51 - Enter password password and object is [[FirefoxDriver: firefox on ANY (b2401eae-2154-4f3e-bcfe-5c5ad1d8fd02)] -> id: password]
2018-01-04 17:02:23 -5p LoginPage:52 - Click on Submit button and object is [[FirefoxDriver: firefox on ANY (b2401eae-2154-4f3e-bcfe-5c5ad1d8fd02)] -> id: signinFormButton]
